[0702/161622.505:WARNING:chrome_browser_cloud_management_controller.cc(88)] Could not create policy manager as CBCM is not enabled.
[0702/163552.910:WARNING:frame_host_impl.cc(609)] SendJavaScript sent to detached frame 34359738369 [8,1] (main) will be ignored
[0702/165352.418:WARNING:frame_host_impl.cc(609)] SendJavaScript sent to detached frame 42949672961 [10,1] (main) will be ignored
[0702/165436.614:WARNING:frame_host_impl.cc(609)] SendJavaScript sent to detached frame 47244640257 [11,1] (main) will be ignored
[0702/165522.803:WARNING:frame_host_impl.cc(609)] SendJavaScript sent to detached frame 51539607553 [12,1] (main) will be ignored
[0702/165536.493:WARNING:frame_host_impl.cc(609)] SendJavaScript sent to detached frame 55834574849 [13,1] (main) will be ignored
[0702/165626.418:WARNING:frame_host_impl.cc(609)] SendJavaScript sent to detached frame 60129542145 [14,1] (main) will be ignored
[0702/165732.018:WARNING:frame_host_impl.cc(609)] SendJavaScript sent to detached frame 64424509441 [15,1] (main) will be ignored
[0702/165805.116:WARNING:frame_host_impl.cc(609)] SendJavaScript sent to detached frame 68719476737 [16,1] (main) will be ignored
[0702/170020.211:WARNING:frame_host_impl.cc(609)] SendJavaScript sent to detached frame 73014444033 [17,1] (main) will be ignored
[0702/170134.126:WARNING:frame_host_impl.cc(609)] SendJavaScript sent to detached frame 77309411329 [18,1] (main) will be ignored
[0702/170201.039:WARNING:frame_host_impl.cc(609)] SendJavaScript sent to detached frame 81604378625 [19,1] (main) will be ignored
[0702/170411.135:WARNING:frame_host_impl.cc(609)] SendJavaScript sent to detached frame 85899345921 [20,1] (main) will be ignored
[0702/170437.201:WARNING:frame_host_impl.cc(609)] SendJavaScript sent to detached frame 90194313217 [21,1] (main) will be ignored
[0702/170440.910:WARNING:frame_host_impl.cc(609)] SendJavaScript sent to detached frame 94489280513 [22,1] (main) will be ignored
[0702/170501.107:WARNING:frame_host_impl.cc(609)] SendJavaScript sent to detached frame 98784247809 [23,1] (main) will be ignored
[0702/170523.639:WARNING:frame_host_impl.cc(609)] SendJavaScript sent to detached frame 103079215105 [24,1] (main) will be ignored
[0702/170821.069:WARNING:frame_host_impl.cc(609)] SendJavaScript sent to detached frame 107374182401 [25,1] (main) will be ignored
[0702/170828.846:WARNING:frame_host_impl.cc(609)] SendJavaScript sent to detached frame 111669149697 [26,1] (main) will be ignored
[0702/170934.666:WARNING:frame_host_impl.cc(609)] SendJavaScript sent to detached frame 115964116993 [27,1] (main) will be ignored
[0702/172409.187:WARNING:frame_host_impl.cc(609)] SendJavaScript sent to detached frame 120259084289 [28,1] (main) will be ignored
[0702/172412.206:WARNING:frame_host_impl.cc(609)] SendJavaScript sent to detached frame 124554051585 [29,1] (main) will be ignored
[0702/172429.963:WARNING:frame_host_impl.cc(609)] SendJavaScript sent to detached frame 128849018881 [30,1] (main) will be ignored
[0702/172446.724:WARNING:frame_host_impl.cc(609)] SendJavaScript sent to detached frame 133143986177 [31,1] (main) will be ignored
[0702/172446.724:WARNING:frame_host_impl.cc(609)] SendJavaScript sent to detached frame 133143986177 [31,1] (main) will be ignored
[0702/172448.649:WARNING:frame_host_impl.cc(609)] SendJavaScript sent to detached frame 137438953473 [32,1] (main) will be ignored
[0702/175102.150:WARNING:frame_host_impl.cc(609)] SendJavaScript sent to detached frame 141733920769 [33,1] (main) will be ignored
[0702/175146.688:WARNING:frame_host_impl.cc(609)] SendJavaScript sent to detached frame 146028888065 [34,1] (main) will be ignored
[0702/175638.065:WARNING:frame_host_impl.cc(609)] SendJavaScript sent to detached frame 150323855361 [35,1] (main) will be ignored
[0702/175656.307:WARNING:frame_host_impl.cc(609)] SendJavaScript sent to detached frame 154618822657 [36,1] (main) will be ignored
[0702/175843.703:WARNING:frame_host_impl.cc(609)] SendJavaScript sent to detached frame 158913789953 [37,1] (main) will be ignored
[0702/175939.780:WARNING:chrome_browser_cloud_management_controller.cc(88)] Could not create policy manager as CBCM is not enabled.
[0702/180015.214:WARNING:frame_host_impl.cc(609)] SendJavaScript sent to detached frame 21474836481 [5,1] (main) will be ignored
[0702/180039.512:WARNING:frame_host_impl.cc(609)] SendJavaScript sent to detached frame 25769803777 [6,1] (main) will be ignored
[0702/180545.155:WARNING:frame_host_impl.cc(609)] SendJavaScript sent to detached frame 34359738369 [8,1] (main) will be ignored
[0702/180701.018:WARNING:chrome_browser_cloud_management_controller.cc(88)] Could not create policy manager as CBCM is not enabled.
[0702/180751.273:WARNING:frame_host_impl.cc(609)] SendJavaScript sent to detached frame 25769803777 [6,1] (main) will be ignored
[0702/180831.749:WARNING:frame_host_impl.cc(609)] SendJavaScript sent to detached frame 34359738369 [8,1] (main) will be ignored
[0702/232236.664:WARNING:chrome_browser_cloud_management_controller.cc(88)] Could not create policy manager as CBCM is not enabled.
[0702/232456.425:WARNING:frame_host_impl.cc(609)] SendJavaScript sent to detached frame 21474836481 [5,1] (main) will be ignored
[0703/161130.706:WARNING:chrome_browser_cloud_management_controller.cc(88)] Could not create policy manager as CBCM is not enabled.
[0703/161151.226:WARNING:frame_host_impl.cc(609)] SendJavaScript sent to detached frame 21474836481 [5,1] (main) will be ignored
[0703/164007.122:WARNING:chrome_browser_cloud_management_controller.cc(88)] Could not create policy manager as CBCM is not enabled.
[0703/164706.685:WARNING:chrome_browser_cloud_management_controller.cc(88)] Could not create policy manager as CBCM is not enabled.
[0703/165004.672:WARNING:frame_host_impl.cc(609)] SendJavaScript sent to detached frame 25769803777 [6,1] (main) will be ignored
[0703/165839.017:WARNING:chrome_browser_cloud_management_controller.cc(88)] Could not create policy manager as CBCM is not enabled.
[0703/165928.550:WARNING:frame_host_impl.cc(609)] SendJavaScript sent to detached frame 21474836481 [5,1] (main) will be ignored
[0703/203451.628:WARNING:chrome_browser_cloud_management_controller.cc(88)] Could not create policy manager as CBCM is not enabled.
[0703/203949.166:WARNING:chrome_browser_cloud_management_controller.cc(88)] Could not create policy manager as CBCM is not enabled.
[0703/204145.422:WARNING:chrome_browser_cloud_management_controller.cc(88)] Could not create policy manager as CBCM is not enabled.
[0703/205036.003:WARNING:frame_host_impl.cc(609)] SendJavaScript sent to detached frame 21474836481 [5,1] (main) will be ignored
[0703/205144.738:WARNING:frame_host_impl.cc(609)] SendJavaScript sent to detached frame 25769803777 [6,1] (main) will be ignored
[0703/205706.333:WARNING:chrome_browser_cloud_management_controller.cc(88)] Could not create policy manager as CBCM is not enabled.
[0703/205724.027:WARNING:frame_host_impl.cc(609)] SendJavaScript sent to detached frame 21474836481 [5,1] (main) will be ignored
[0703/210015.614:WARNING:chrome_browser_cloud_management_controller.cc(88)] Could not create policy manager as CBCM is not enabled.
[0703/210049.900:WARNING:frame_host_impl.cc(609)] SendJavaScript sent to detached frame 21474836481 [5,1] (main) will be ignored
[0706/201810.433:WARNING:chrome_browser_cloud_management_controller.cc(88)] Could not create policy manager as CBCM is not enabled.
[0706/203951.258:ERROR:angle_platform_impl.cc(44)] Renderer11.cpp:2262 (testDeviceLost): The D3D11 device was removed, HRESULT: 0x887A0006
[0706/203951.258:ERROR:shared_context_state.cc(905)] SharedContextState context lost via ARB/EXT_robustness. Reset status = GL_UNKNOWN_CONTEXT_RESET_KHR
[0706/203951.259:ERROR:gpu_service_impl.cc(1054)] Exiting GPU process because some drivers can't recover from errors. GPU process will restart shortly.
[0706/203951.402:ERROR:gpu_process_host.cc(956)] GPU process exited unexpectedly: exit_code=34
[0706/203951.402:WARNING:gpu_process_host.cc(1326)] The GPU process has crashed 1 time(s)
[0706/203951.535:WARNING:gpu_process_host.cc(979)] Reinitialized the GPU process after a crash. The reported initialization time was 106 ms
[0706/203951.538:INFO:CONSOLE(101)] "[FANCYMENU VIDEO] Video error: Video decoding failed (3)", source: file:///C:/Users/harris/AppData/Roaming/PrismLauncher/instances/reclamation-dev/.minecraft/fancymenu_data/fancymenu_temp/web/videoplayer/player.html?volume=1.0&fillScreen=false&loop=false&autoPlay=false (101)
[0706/203951.538:INFO:CONSOLE(101)] "[FANCYMENU VIDEO] Source: file:///C:/Users/harris/AppData/Roaming/PrismLauncher/instances/reclamation-dev/.minecraft/config/fancymenu/assets/title_bg.mp4", source: file:///C:/Users/harris/AppData/Roaming/PrismLauncher/instances/reclamation-dev/.minecraft/fancymenu_data/fancymenu_temp/web/videoplayer/player.html?volume=1.0&fillScreen=false&loop=false&autoPlay=false (101)
[0706/203951.586:ERROR:shared_image_manager.cc(217)] SharedImageManager::ProduceSkia: Trying to Produce a Skia representation from a non-existent mailbox.
[0706/203951.586:ERROR:shared_image_manager.cc(217)] SharedImageManager::ProduceSkia: Trying to Produce a Skia representation from a non-existent mailbox.
[0706/234828.726:WARNING:chrome_browser_cloud_management_controller.cc(88)] Could not create policy manager as CBCM is not enabled.
[0706/235825.399:WARNING:frame_host_impl.cc(609)] SendJavaScript sent to detached frame 25769803777 [6,1] (main) will be ignored
[0707/000337.045:WARNING:chrome_browser_cloud_management_controller.cc(88)] Could not create policy manager as CBCM is not enabled.
[0707/000943.986:WARNING:frame_host_impl.cc(609)] SendJavaScript sent to detached frame 25769803777 [6,1] (main) will be ignored
[0707/001012.882:WARNING:frame_host_impl.cc(609)] SendJavaScript sent to detached frame 38654705665 [9,1] (main) will be ignored
[0707/002112.978:WARNING:frame_host_impl.cc(609)] SendJavaScript sent to detached frame 42949672961 [10,1] (main) will be ignored
[0707/002439.688:WARNING:frame_host_impl.cc(609)] SendJavaScript sent to detached frame 47244640257 [11,1] (main) will be ignored
[0707/002753.749:WARNING:frame_host_impl.cc(609)] SendJavaScript sent to detached frame 51539607553 [12,1] (main) will be ignored
[0707/010621.579:WARNING:chrome_browser_cloud_management_controller.cc(88)] Could not create policy manager as CBCM is not enabled.
[0707/010716.710:WARNING:frame_host_impl.cc(609)] SendJavaScript sent to detached frame 21474836481 [5,1] (main) will be ignored
[0707/011234.563:WARNING:frame_host_impl.cc(609)] SendJavaScript sent to detached frame 25769803777 [6,1] (main) will be ignored
[0707/012644.431:WARNING:frame_host_impl.cc(609)] SendJavaScript sent to detached frame 38654705665 [9,1] (main) will be ignored
[0707/014034.286:WARNING:chrome_browser_cloud_management_controller.cc(88)] Could not create policy manager as CBCM is not enabled.
[0707/115156.704:WARNING:chrome_browser_cloud_management_controller.cc(88)] Could not create policy manager as CBCM is not enabled.
[0707/115236.591:WARNING:frame_host_impl.cc(609)] SendJavaScript sent to detached frame 21474836481 [5,1] (main) will be ignored
[0707/130008.090:WARNING:frame_host_impl.cc(609)] SendJavaScript sent to detached frame 25769803777 [6,1] (main) will be ignored
[0707/155703.646:WARNING:chrome_browser_cloud_management_controller.cc(88)] Could not create policy manager as CBCM is not enabled.
[0707/155818.675:WARNING:frame_host_impl.cc(609)] SendJavaScript sent to detached frame 21474836481 [5,1] (main) will be ignored
[0707/155818.675:WARNING:frame_host_impl.cc(609)] SendJavaScript sent to detached frame 21474836481 [5,1] (main) will be ignored
[0707/160725.816:WARNING:chrome_browser_cloud_management_controller.cc(88)] Could not create policy manager as CBCM is not enabled.
[0707/160759.508:WARNING:frame_host_impl.cc(609)] SendJavaScript sent to detached frame 21474836481 [5,1] (main) will be ignored
[0707/162522.638:WARNING:chrome_browser_cloud_management_controller.cc(88)] Could not create policy manager as CBCM is not enabled.
[0707/170112.664:WARNING:chrome_browser_cloud_management_controller.cc(88)] Could not create policy manager as CBCM is not enabled.
[0707/170402.246:WARNING:frame_host_impl.cc(609)] SendJavaScript sent to detached frame 21474836481 [5,1] (main) will be ignored
[0707/225929.014:WARNING:chrome_browser_cloud_management_controller.cc(88)] Could not create policy manager as CBCM is not enabled.
[0707/230134.455:WARNING:chrome_browser_cloud_management_controller.cc(88)] Could not create policy manager as CBCM is not enabled.
[0707/230146.827:WARNING:frame_host_impl.cc(609)] SendJavaScript sent to detached frame 21474836481 [5,1] (main) will be ignored
[0708/025114.142:WARNING:chrome_browser_cloud_management_controller.cc(88)] Could not create policy manager as CBCM is not enabled.
[0708/025521.654:ERROR:network_service_instance_impl.cc(625)] Network service crashed, restarting service.
[0708/025613.819:WARNING:chrome_browser_cloud_management_controller.cc(88)] Could not create policy manager as CBCM is not enabled.
[0708/032914.033:WARNING:frame_host_impl.cc(609)] SendJavaScript sent to detached frame 25769803777 [6,1] (main) will be ignored
[0708/033230.823:WARNING:frame_host_impl.cc(609)] SendJavaScript sent to detached frame 38654705665 [9,1] (main) will be ignored
[0708/095254.242:WARNING:chrome_browser_cloud_management_controller.cc(88)] Could not create policy manager as CBCM is not enabled.
[0708/095718.062:WARNING:frame_host_impl.cc(609)] SendJavaScript sent to detached frame 21474836481 [5,1] (main) will be ignored
[0708/100359.803:WARNING:chrome_browser_cloud_management_controller.cc(88)] Could not create policy manager as CBCM is not enabled.
[0708/111352.322:WARNING:chrome_browser_cloud_management_controller.cc(88)] Could not create policy manager as CBCM is not enabled.
[0708/111423.677:WARNING:frame_host_impl.cc(609)] SendJavaScript sent to detached frame 21474836481 [5,1] (main) will be ignored
[0708/113104.306:WARNING:chrome_browser_cloud_management_controller.cc(88)] Could not create policy manager as CBCM is not enabled.
[0708/114017.667:WARNING:chrome_browser_cloud_management_controller.cc(88)] Could not create policy manager as CBCM is not enabled.
[0708/114029.849:WARNING:frame_host_impl.cc(609)] SendJavaScript sent to detached frame 21474836481 [5,1] (main) will be ignored
[0708/134631.905:WARNING:chrome_browser_cloud_management_controller.cc(88)] Could not create policy manager as CBCM is not enabled.
[0708/141451.486:WARNING:chrome_browser_cloud_management_controller.cc(88)] Could not create policy manager as CBCM is not enabled.
[0710/144305.769:WARNING:chrome_browser_cloud_management_controller.cc(88)] Could not create policy manager as CBCM is not enabled.
[0710/151834.222:WARNING:chrome_browser_cloud_management_controller.cc(88)] Could not create policy manager as CBCM is not enabled.
[0710/152659.244:WARNING:chrome_browser_cloud_management_controller.cc(88)] Could not create policy manager as CBCM is not enabled.
[0710/153906.894:WARNING:chrome_browser_cloud_management_controller.cc(88)] Could not create policy manager as CBCM is not enabled.
